2021-07-05 16:25:25,548 DEBUG com.logging.controller.KisiApi [http-nio-8080-exec-2] Ahmeti bulamadık haberiniz olsun
2021-07-05 16:25:42,999 INFO com.logging.controller.KisiApi [http-nio-8080-exec-3] Kisi Bilgisi gönderildi
2021-07-05 16:30:43,543 INFO com.logging.controller.KisiApi [http-nio-8080-exec-2] Kisi Bilgisi gönderildi
2021-07-05 16:31:35,144 INFO com.logging.controller.KisiApi [http-nio-8080-exec-1] Kisi Bilgisi gönderildi
2021-07-05 16:32:53,288 INFO com.logging.controller.KisiApi [http-nio-8080-exec-2] Kisi Bilgisi gönderildi
2021-07-05 17:04:32,359 INFO org.springframework.boot.StartupInfoLogger [restartedMain] Starting SpringBootLoggingApplication using Java 11.0.11 on ibrahimbolatt with PID 16022 (/home/ibrahim.bolat/IdeaProjects/Spring-Boot-Calismalarım/SpringBoot-Logging/target/classes started by ibrahim.bolat in /home/ibrahim.bolat/IdeaProjects/Spring-Boot-Calismalarım)
2021-07-05 17:04:32,362 INFO org.springframework.boot.SpringApplication [restartedMain] The following profiles are active: dev
2021-07-05 17:04:32,402 INFO org.springframework.boot.logging.DeferredLog [restartedMain] Devtools property defaults active! Set 'spring.devtools.add-properties' to 'false' to disable
2021-07-05 17:04:32,402 INFO org.springframework.boot.logging.DeferredLog [restartedMain] For additional web related logging consider setting the 'logging.level.web' property to 'DEBUG'
2021-07-05 17:04:33,294 INFO org.springframework.boot.web.embedded.tomcat.TomcatWebServer [restartedMain] Tomcat initialized with port(s): 8080 (http)
2021-07-05 17:04:33,301 INFO org.apache.juli.logging.DirectJDKLog [restartedMain] Starting service [Tomcat]
2021-07-05 17:04:33,301 INFO org.apache.juli.logging.DirectJDKLog [restartedMain] Starting Servlet engine: [Apache Tomcat/9.0.48]
2021-07-05 17:04:33,328 INFO org.apache.juli.logging.DirectJDKLog [restartedMain] Initializing Spring embedded WebApplicationContext
2021-07-05 17:04:33,329 INFO org.springframework.boot.web.servlet.context.ServletWebServerApplicationContext [restartedMain] Root WebApplicationContext: initialization completed in 926 ms
2021-07-05 17:04:33,511 INFO org.springframework.boot.devtools.autoconfigure.OptionalLiveReloadServer [restartedMain] LiveReload server is running on port 35729
2021-07-05 17:04:33,528 INFO org.springframework.boot.web.embedded.tomcat.TomcatWebServer [restartedMain] Tomcat started on port(s): 8080 (http) with context path ''
2021-07-05 17:04:33,539 INFO org.springframework.boot.StartupInfoLogger [restartedMain] Started SpringBootLoggingApplication in 1.498 seconds (JVM running for 2.164)
2021-07-05 17:04:47,858 INFO org.springframework.boot.StartupInfoLogger [restartedMain] Starting SpringBootLoggingApplication using Java 11.0.11 on ibrahimbolatt with PID 16149 (/home/ibrahim.bolat/IdeaProjects/Spring-Boot-Calismalarım/SpringBoot-Logging/target/classes started by ibrahim.bolat in /home/ibrahim.bolat/IdeaProjects/Spring-Boot-Calismalarım)
2021-07-05 17:04:47,860 INFO org.springframework.boot.SpringApplication [restartedMain] The following profiles are active: dev
2021-07-05 17:04:47,900 INFO org.springframework.boot.logging.DeferredLog [restartedMain] Devtools property defaults active! Set 'spring.devtools.add-properties' to 'false' to disable
2021-07-05 17:04:47,901 INFO org.springframework.boot.logging.DeferredLog [restartedMain] For additional web related logging consider setting the 'logging.level.web' property to 'DEBUG'
2021-07-05 17:04:48,713 INFO org.springframework.boot.web.embedded.tomcat.TomcatWebServer [restartedMain] Tomcat initialized with port(s): 8080 (http)
2021-07-05 17:04:48,719 INFO org.apache.juli.logging.DirectJDKLog [restartedMain] Starting service [Tomcat]
2021-07-05 17:04:48,719 INFO org.apache.juli.logging.DirectJDKLog [restartedMain] Starting Servlet engine: [Apache Tomcat/9.0.48]
2021-07-05 17:04:48,746 INFO org.apache.juli.logging.DirectJDKLog [restartedMain] Initializing Spring embedded WebApplicationContext
2021-07-05 17:04:48,746 INFO org.springframework.boot.web.servlet.context.ServletWebServerApplicationContext [restartedMain] Root WebApplicationContext: initialization completed in 844 ms
2021-07-05 17:04:48,953 INFO org.springframework.boot.devtools.autoconfigure.OptionalLiveReloadServer [restartedMain] LiveReload server is running on port 35729
2021-07-05 17:04:48,974 INFO org.springframework.boot.web.embedded.tomcat.TomcatWebServer [restartedMain] Tomcat started on port(s): 8080 (http) with context path ''
2021-07-05 17:04:48,983 INFO org.springframework.boot.StartupInfoLogger [restartedMain] Started SpringBootLoggingApplication in 1.402 seconds (JVM running for 1.97)
